<?xml version="1.0" encoding="UTF-8"?>
<testng-results skipped="0" failed="0" total="1" passed="1">
  <reporter-output>
  </reporter-output>
  <suite name="example.NewTest" duration-ms="7641" started-at="2018-12-31T11:08:25Z" finished-at="2018-12-31T11:08:33Z">
    <groups>
    </groups>
    <test name="Command line test" duration-ms="7641" started-at="2018-12-31T11:08:25Z" finished-at="2018-12-31T11:08:33Z">
      <class name="example.NewTest">
        <test-method status="PASS" signature="launchBrowser()[pri:0, instance:example.NewTest@26ba2a48]" name="launchBrowser" is-config="true" duration-ms="5414" started-at="2018-12-31T16:38:25Z" finished-at="2018-12-31T16:38:30Z">
          <reporter-output>
          </reporter-output>
        </test-method> <!-- launchBrowser -->
        <test-method status="PASS" signature="vrifyHomePageTitle()[pri:0, instance:example.NewTest@26ba2a48]" name="vrifyHomePageTitle" duration-ms="18" started-at="2018-12-31T16:38:30Z" finished-at="2018-12-31T16:38:30Z">
          <reporter-output>
          </reporter-output>
        </test-method> <!-- vrifyHomePageTitle -->
        <test-method status="PASS" signature="closeBrowser()[pri:0, instance:example.NewTest@26ba2a48]" name="closeBrowser" is-config="true" duration-ms="2196" started-at="2018-12-31T16:38:30Z" finished-at="2018-12-31T16:38:33Z">
          <reporter-output>
          </reporter-output>
        </test-method> <!-- closeBrowser -->
      </class> <!-- example.NewTest -->
    </test> <!-- Command line test -->
  </suite> <!-- example.NewTest -->
</testng-results>
